<?xml version="1.0" encoding="UTF-8"?>
<!-- Generated by org.testng.reporters.JUnitReportReporter -->
<testsuite skipped="1" hostname="DESKTOP-NMPT565" name="testcases.OpenAccountTest" tests="2" failures="0" timestamp="2021-09-20T09:54:36 AEST" time="2.000" errors="0">
  <testcase name="openAccountTest" time="0.003" classname="testcases.OpenAccountTest">
    <skipped/>
  </testcase> <!-- openAccountTest -->
  <system-out/>
  <testcase name="openAccountTest" time="1.997" classname="testcases.OpenAccountTest"/>
  <system-out/>
</testsuite> <!-- testcases.OpenAccountTest -->
