<?xml version="1.0" encoding="UTF-8"?>
<!-- Generated by org.testng.reporters.JUnitReportReporter -->
<testsuite skipped="1" hostname="DESKTOP-NMPT565" name="testcases.AddCustomerTest" tests="1" failures="0" timestamp="2021-09-20T09:54:36 AEST" time="0.007" errors="0">
  <testcase name="addCustomerTest" time="0.007" classname="testcases.AddCustomerTest">
    <skipped/>
  </testcase> <!-- addCustomerTest -->
  <system-out/>
</testsuite> <!-- testcases.AddCustomerTest -->
