<?xml version="1.0" encoding="UTF-8"?>
<!-- Generated by org.testng.reporters.JUnitReportReporter -->
<testsuite skipped="0" hostname="DESKTOP-NMPT565" name="testcases.AddCustomerTest" tests="1" failures="0" timestamp="2021-08-04T17:56:44 AEST" time="0.865" errors="0">
  <testcase name="addCustomer" time="0.865" classname="testcases.AddCustomerTest"/>
  <system-out/>
</testsuite> <!-- testcases.AddCustomerTest -->
